<?xml version="1.0" encoding="UTF-8"?>
<testsuite xmlns:xsi="http://www.w3.org/2001/XMLSchema-instance" xsi:noNamespaceSchemaLocation="https://maven.apache.org/surefire/maven-surefire-plugin/xsd/surefire-test-report.xsd" name="pnr.AppTest" time="0.071" tests="1" errors="0" skipped="0" failures="0">
  <properties>
    <property name="java.specification.version" value="18"/>
    <property name="sun.cpu.isalist" value="amd64"/>
    <property name="sun.jnu.encoding" value="Cp1252"/>
    <property name="java.class.path" value="c:\Users\annag\OneDrive - Université Bretagne Sud\BUT info 1ere année\2semestre\Mega SAE\PNR\pnr\target\test-classes;c:\Users\annag\OneDrive - Université Bretagne Sud\BUT info 1ere année\2semestre\Mega SAE\PNR\pnr\target\classes;C:\Users\annag\.m2\repository\io\github\typhon0\AnimateFX\1.2.2\AnimateFX-1.2.2.jar;C:\Users\annag\.m2\repository\org\openjfx\javafx-graphics\17\javafx-graphics-17-linux.jar;C:\Users\annag\.m2\repository\org\openjfx\javafx-graphics\17\javafx-graphics-17-win.jar;C:\Users\annag\.m2\repository\org\openjfx\javafx-base\17.0.1\javafx-base-17.0.1.jar;C:\Users\annag\.m2\repository\org\openjfx\javafx-base\17\javafx-base-17-linux.jar;C:\Users\annag\.m2\repository\org\openjfx\javafx-base\17\javafx-base-17-win.jar;C:\Users\annag\.m2\repository\org\openjfx\javafx-controls\17\javafx-controls-17-linux.jar;C:\Users\annag\.m2\repository\org\openjfx\javafx-fxml\17\javafx-fxml-17-linux.jar;C:\Users\annag\.m2\repository\org\openjfx\javafx-web\17\javafx-web-17-linux.jar;C:\Users\annag\.m2\repository\org\openjfx\javafx-web\17\javafx-web-17-win.jar;C:\Users\annag\.m2\repository\org\openjfx\javafx-media\17\javafx-media-17.jar;C:\Users\annag\.m2\repository\org\openjfx\javafx-media\17\javafx-media-17-linux.jar;C:\Users\annag\.m2\repository\org\openjfx\javafx-media\17\javafx-media-17-win.jar;C:\Users\annag\.m2\repository\junit\junit\4.11\junit-4.11.jar;C:\Users\annag\.m2\repository\org\hamcrest\hamcrest-core\1.3\hamcrest-core-1.3.jar;C:\Users\annag\.m2\repository\com\jcraft\jsch\0.1.55\jsch-0.1.55.jar;C:\Users\annag\.m2\repository\org\openjfx\javafx-controls\17.0.1\javafx-controls-17.0.1.jar;C:\Users\annag\.m2\repository\org\openjfx\javafx-controls\17.0.1\javafx-controls-17.0.1-win.jar;C:\Users\annag\.m2\repository\org\openjfx\javafx-graphics\17.0.1\javafx-graphics-17.0.1.jar;C:\Users\annag\.m2\repository\org\openjfx\javafx-fxml\11.0.1\javafx-fxml-11.0.1.jar;C:\Users\annag\.m2\repository\org\openjfx\javafx-fxml\11.0.1\javafx-fxml-11.0.1-win.jar;C:\Users\annag\.m2\repository\org\mapstruct\mapstruct\1.4.2.Final\mapstruct-1.4.2.Final.jar;C:\Users\annag\.m2\repository\io\github\palexdev\materialfx\11.13.5\materialfx-11.13.5.jar;C:\Users\annag\.m2\repository\io\github\palexdev\virtualizedfx\11.2.6\virtualizedfx-11.2.6.jar;"/>
    <property name="java.vm.vendor" value="Oracle Corporation"/>
    <property name="sun.arch.data.model" value="64"/>
    <property name="user.variant" value=""/>
    <property name="java.vendor.url" value="https://java.oracle.com/"/>
    <property name="user.timezone" value="Europe/Paris"/>
    <property name="os.name" value="Windows 10"/>
    <property name="java.vm.specification.version" value="18"/>
    <property name="sun.java.launcher" value="SUN_STANDARD"/>
    <property name="user.country" value="FR"/>
    <property name="sun.boot.library.path" value="C:\Program Files\Java\jdk-18.0.1.1\bin"/>
    <property name="sun.java.command" value="C:\Users\annag\AppData\Local\Temp\surefire12127171390658369045\surefirebooter326902527362350183.jar C:\Users\annag\AppData\Local\Temp\surefire12127171390658369045 2022-06-13T13-32-20_479-jvmRun1 surefire11890669701391770723tmp surefire_05290711917931821333tmp"/>
    <property name="jdk.debug" value="release"/>
    <property name="surefire.test.class.path" value="c:\Users\annag\OneDrive - Université Bretagne Sud\BUT info 1ere année\2semestre\Mega SAE\PNR\pnr\target\test-classes;c:\Users\annag\OneDrive - Université Bretagne Sud\BUT info 1ere année\2semestre\Mega SAE\PNR\pnr\target\classes;C:\Users\annag\.m2\repository\io\github\typhon0\AnimateFX\1.2.2\AnimateFX-1.2.2.jar;C:\Users\annag\.m2\repository\org\openjfx\javafx-graphics\17\javafx-graphics-17-linux.jar;C:\Users\annag\.m2\repository\org\openjfx\javafx-graphics\17\javafx-graphics-17-win.jar;C:\Users\annag\.m2\repository\org\openjfx\javafx-base\17.0.1\javafx-base-17.0.1.jar;C:\Users\annag\.m2\repository\org\openjfx\javafx-base\17\javafx-base-17-linux.jar;C:\Users\annag\.m2\repository\org\openjfx\javafx-base\17\javafx-base-17-win.jar;C:\Users\annag\.m2\repository\org\openjfx\javafx-controls\17\javafx-controls-17-linux.jar;C:\Users\annag\.m2\repository\org\openjfx\javafx-fxml\17\javafx-fxml-17-linux.jar;C:\Users\annag\.m2\repository\org\openjfx\javafx-web\17\javafx-web-17-linux.jar;C:\Users\annag\.m2\repository\org\openjfx\javafx-web\17\javafx-web-17-win.jar;C:\Users\annag\.m2\repository\org\openjfx\javafx-media\17\javafx-media-17.jar;C:\Users\annag\.m2\repository\org\openjfx\javafx-media\17\javafx-media-17-linux.jar;C:\Users\annag\.m2\repository\org\openjfx\javafx-media\17\javafx-media-17-win.jar;C:\Users\annag\.m2\repository\junit\junit\4.11\junit-4.11.jar;C:\Users\annag\.m2\repository\org\hamcrest\hamcrest-core\1.3\hamcrest-core-1.3.jar;C:\Users\annag\.m2\repository\com\jcraft\jsch\0.1.55\jsch-0.1.55.jar;C:\Users\annag\.m2\repository\org\openjfx\javafx-controls\17.0.1\javafx-controls-17.0.1.jar;C:\Users\annag\.m2\repository\org\openjfx\javafx-controls\17.0.1\javafx-controls-17.0.1-win.jar;C:\Users\annag\.m2\repository\org\openjfx\javafx-graphics\17.0.1\javafx-graphics-17.0.1.jar;C:\Users\annag\.m2\repository\org\openjfx\javafx-fxml\11.0.1\javafx-fxml-11.0.1.jar;C:\Users\annag\.m2\repository\org\openjfx\javafx-fxml\11.0.1\javafx-fxml-11.0.1-win.jar;C:\Users\annag\.m2\repository\org\mapstruct\mapstruct\1.4.2.Final\mapstruct-1.4.2.Final.jar;C:\Users\annag\.m2\repository\io\github\palexdev\materialfx\11.13.5\materialfx-11.13.5.jar;C:\Users\annag\.m2\repository\io\github\palexdev\virtualizedfx\11.2.6\virtualizedfx-11.2.6.jar;"/>
    <property name="sun.cpu.endian" value="little"/>
    <property name="user.home" value="C:\Users\annag"/>
    <property name="user.language" value="fr"/>
    <property name="java.specification.vendor" value="Oracle Corporation"/>
    <property name="java.version.date" value="2022-04-22"/>
    <property name="java.home" value="C:\Program Files\Java\jdk-18.0.1.1"/>
    <property name="file.separator" value="\"/>
    <property name="basedir" value="c:\Users\annag\OneDrive - Université Bretagne Sud\BUT info 1ere année\2semestre\Mega SAE\PNR\pnr"/>
    <property name="java.vm.compressedOopsMode" value="Zero based"/>
    <property name="line.separator" value="&#10;"/>
    <property name="java.vm.specification.vendor" value="Oracle Corporation"/>
    <property name="java.specification.name" value="Java Platform API Specification"/>
    <property name="surefire.real.class.path" value="C:\Users\annag\AppData\Local\Temp\surefire12127171390658369045\surefirebooter326902527362350183.jar"/>
    <property name="user.script" value=""/>
    <property name="sun.management.compiler" value="HotSpot 64-Bit Tiered Compilers"/>
    <property name="java.runtime.version" value="18.0.1.1+2-6"/>
    <property name="user.name" value="annag"/>
    <property name="path.separator" value=";"/>
    <property name="os.version" value="10.0"/>
    <property name="java.runtime.name" value="Java(TM) SE Runtime Environment"/>
    <property name="file.encoding" value="UTF-8"/>
    <property name="java.vm.name" value="Java HotSpot(TM) 64-Bit Server VM"/>
    <property name="localRepository" value="C:\Users\annag\.m2\repository"/>
    <property name="java.vendor.url.bug" value="https://bugreport.java.com/bugreport/"/>
    <property name="java.io.tmpdir" value="C:\Users\annag\AppData\Local\Temp\"/>
    <property name="java.version" value="18.0.1.1"/>
    <property name="user.dir" value="c:\Users\annag\OneDrive - Université Bretagne Sud\BUT info 1ere année\2semestre\Mega SAE\PNR\pnr"/>
    <property name="os.arch" value="amd64"/>
    <property name="java.vm.specification.name" value="Java Virtual Machine Specification"/>
    <property name="sun.os.patch.level" value=""/>
    <property name="native.encoding" value="Cp1252"/>
    <property name="java.library.path" value="C:\Program Files\Java\jdk-18.0.1.1\bin;C:\Windows\Sun\Java\bin;C:\Windows\system32;C:\Windows;C:\oraclexe\app\oracle\product\11.2.0\server\bin;C:\Windows\system32;C:\Windows;C:\Windows\System32\Wbem;C:\Windows\System32\WindowsPowerShell\v1.0\;C:\Windows\System32\OpenSSH\;C:\Program Files\Git\cmd;C:\apache-maven-3.8.5\bin;C:\Program Files\Java\jdk-18.0.1.1\bin;C:\Program Files\MySQL\MySQL Shell 8.0\bin\;C:\Users\annag\AppData\Local\Microsoft\WindowsApps;C:\Users\annag\AppData\Local\Programs\Microsoft VS Code\bin;;."/>
    <property name="java.vm.info" value="mixed mode, sharing"/>
    <property name="java.vendor" value="Oracle Corporation"/>
    <property name="java.vm.version" value="18.0.1.1+2-6"/>
    <property name="sun.io.unicode.encoding" value="UnicodeLittle"/>
    <property name="java.class.version" value="62.0"/>
  </properties>
  <testcase name="shouldAnswerWithTrue" classname="pnr.AppTest" time="0.006"/>
</testsuite>